#
# A fatal error has been detected by the Java Runtime Environment:
#
#  EXCEPTION_ACCESS_VIOLATION (0xc0000005) at pc=0x1a874235, pid=7948, tid=6768
#
# JRE version: Java(TM) SE Runtime Environment (7.0_51-b13) (build 1.7.0_51-b13)
# Java VM: Java HotSpot(TM) Client VM (24.51-b03 mixed mode windows-x86 )
# Problematic frame:
# C  [ig4icd32.dll+0x1b4235]
#
# Failed to write core dump. Minidumps are not enabled by default on client versions of Windows
#
# If you would like to submit a bug report, please visit:
#   http://bugreport.sun.com/bugreport/crash.jsp
# The crash happened outside the Java Virtual Machine in native code.
# See problematic frame for where to report the bug.
#

---------------  T H R E A D  ---------------

Current thread (0x18a63000):  JavaThread "LWJGL Renderer Thread" [_thread_in_native, id=6768, stack(0x18f80000,0x18fd0000)]

siginfo: ExceptionCode=0xc0000005, reading address 0x18860000

Registers:
EAX=0x1885fffc, EBX=0x00000002, ECX=0x183ac3f0, EDX=0x183ac3c0
ESP=0x18fcedc0, EBP=0x183ac3c0, ESI=0x1e2d01ec, EDI=0x0000008d
EIP=0x1a874235, EFLAGS=0x00010206

Top of Stack: (sp=0x18fcedc0)
0x18fcedc0:   1e2cfee0 18560068 0000008d 00000008
0x18fcedd0:   00000018 00000002 00000001 00000004
0x18fcede0:   1a875f96 18560068 183ac3c0 0000008d
0x18fcedf0:   1856027f 18560068 00000174 00080038
0x18fcee00:   00000000 00000174 1e356d30 1e2cfee0
0x18fcee10:   1e3a9ce0 1a740249 18560068 00000174
0x18fcee20:   1e301150 1856007f 1a75dfee 00000174
0x18fcee30:   00000174 00000000 1a75e937 00000004 

Instructions: (pc=0x1a874235)
0x1a874215:   ca d9 19 d9 40 04 d9 59 04 eb d1 d9 00 8b 54 24
0x1a874225:   28 f3 0f 10 05 38 62 f7 1a c1 e1 04 03 ca d9 19
0x1a874235:   d9 40 04 d9 59 04 d9 40 08 f3 0f 11 41 0c d9 59
0x1a874245:   08 e9 71 01 00 00 d9 00 8b 54 24 28 c1 e1 04 d9 


Register to memory mapping:

EAX=0x1885fffc is an unknown value
EBX=0x00000002 is an unknown value
ECX=0x183ac3f0 is an unknown value
EDX=0x183ac3c0 is an unknown value
ESP=0x18fcedc0 is pointing into the stack for thread: 0x18a63000
EBP=0x183ac3c0 is an unknown value
ESI=0x1e2d01ec is an unknown value
EDI=0x0000008d is an unknown value


Stack: [0x18f80000,0x18fd0000],  sp=0x18fcedc0,  free space=315k
Native frames: (J=compiled Java code, j=interpreted, Vv=VM code, C=native code)
C  [ig4icd32.dll+0x1b4235]

Java frames: (J=compiled Java code, j=interpreted, Vv=VM code)
j  org.lwjgl.opengl.GL12.nglDrawRangeElementsBO(IIIIIJJ)V+0
j  org.lwjgl.opengl.GL12.glDrawRangeElements(IIIIIJ)V+32
j  com.jme3.renderer.lwjgl.LwjglRenderer.drawTriangleList(Lcom/jme3/scene/VertexBuffer;Lcom/jme3/scene/Mesh;I)V+361
J  com.jme3.renderer.lwjgl.LwjglRenderer.renderMeshDefault(Lcom/jme3/scene/Mesh;II)V
j  com.jme3.renderer.lwjgl.LwjglRenderer.renderMesh(Lcom/jme3/scene/Mesh;II)V+160
j  com.jme3.material.Material.renderMultipassLighting(Lcom/jme3/shader/Shader;Lcom/jme3/scene/Geometry;Lcom/jme3/renderer/RenderManager;)V+595
J  com.jme3.material.Material.render(Lcom/jme3/scene/Geometry;Lcom/jme3/renderer/RenderManager;)V
j  com.jme3.renderer.RenderManager.renderGeometry(Lcom/jme3/scene/Geometry;)V+204
j  com.jme3.renderer.queue.RenderQueue.renderGeometryList(Lcom/jme3/renderer/queue/GeometryList;Lcom/jme3/renderer/RenderManager;Lcom/jme3/renderer/Camera;Z)V+51
j  com.jme3.renderer.queue.RenderQueue.renderQueue(Lcom/jme3/renderer/queue/RenderQueue$Bucket;Lcom/jme3/renderer/RenderManager;Lcom/jme3/renderer/Camera;Z)V+68
j  com.jme3.renderer.RenderManager.renderViewPortQueues(Lcom/jme3/renderer/ViewPort;Z)V+22
j  com.jme3.renderer.RenderManager.flushQueue(Lcom/jme3/renderer/ViewPort;)V+3
j  com.jme3.renderer.RenderManager.renderViewPort(Lcom/jme3/renderer/ViewPort;F)V+267
j  com.jme3.renderer.RenderManager.render(FZ)V+123
j  com.jme3.app.SimpleApplication.update()V+102
j  com.jme3.system.lwjgl.LwjglAbstractDisplay.runLoop()V+22
j  com.jme3.system.lwjgl.LwjglDisplay.runLoop()V+67
j  com.jme3.system.lwjgl.LwjglAbstractDisplay.run()V+132
j  java.lang.Thread.run()V+11
v  ~StubRoutines::call_stub

---------------  P R O C E S S  ---------------

Java Threads: ( => current thread )
  0x1d2f7400 JavaThread "jME Terrain Thread" daemon [_thread_blocked, id=3816, stack(0x191c0000,0x19210000)]
  0x18b0f800 JavaThread "jME3 Audio Thread" daemon [_thread_blocked, id=1860, stack(0x1a620000,0x1a670000)]
  0x0185c800 JavaThread "DestroyJavaVM" [_thread_blocked, id=1772, stack(0x017d0000,0x01820000)]
=>0x18a63000 JavaThread "LWJGL Renderer Thread" [_thread_in_native, id=6768, stack(0x18f80000,0x18fd0000)]
  0x18a36c00 JavaThread "TimerQueue" daemon [_thread_blocked, id=6884, stack(0x01780000,0x017d0000)]
  0x17bfc400 JavaThread "AWT-Windows" daemon [_thread_in_native, id=6496, stack(0x18260000,0x182b0000)]
  0x17be9800 JavaThread "Java2D Disposer" daemon [_thread_blocked, id=4812, stack(0x019d0000,0x01a20000)]
  0x17ad3c00 JavaThread "Service Thread" daemon [_thread_blocked, id=4060, stack(0x01980000,0x019d0000)]
  0x17ac6400 JavaThread "C1 CompilerThread0" daemon [_thread_blocked, id=7492, stack(0x18020000,0x18070000)]
  0x17ac5000 JavaThread "Attach Listener" daemon [_thread_blocked, id=6284, stack(0x17fa0000,0x17ff0000)]
  0x17ac2000 JavaThread "Signal Dispatcher" daemon [_thread_blocked, id=3844, stack(0x17f00000,0x17f50000)]
  0x17a98800 JavaThread "Finalizer" daemon [_thread_blocked, id=6340, stack(0x17d30000,0x17d80000)]
  0x17a92800 JavaThread "Reference Handler" daemon [_thread_blocked, id=2084, stack(0x17de0000,0x17e30000)]

Other Threads:
  0x17a90800 VMThread [stack: 0x17c90000,0x17ce0000] [id=5000]
  0x17add800 WatcherThread [stack: 0x17ce0000,0x17d30000] [id=2112]

VM state:not at safepoint (normal execution)

VM Mutex/Monitor currently owned by a thread: None

Heap
 def new generation   total 9920K, used 1996K [0x03a80000, 0x04540000, 0x08fd0000)
  eden space 8832K,  10% used [0x03a80000, 0x03b63310, 0x04320000)
  from space 1088K, 100% used [0x04430000, 0x04540000, 0x04540000)
  to   space 1088K,   0% used [0x04320000, 0x04320000, 0x04430000)
 tenured generation   total 21896K, used 8224K [0x08fd0000, 0x0a532000, 0x13a80000)
   the space 21896K,  37% used [0x08fd0000, 0x097d82a8, 0x097d8400, 0x0a532000)
 compacting perm gen  total 12288K, used 10854K [0x13a80000, 0x14680000, 0x17a80000)
   the space 12288K,  88% used [0x13a80000, 0x14519818, 0x14519a00, 0x14680000)
No shared spaces configured.

Card table byte_map: [0x01860000,0x01910000] byte_map_base: 0x01842c00

Polling page: 0x00190000

Code Cache  [0x01a80000, 0x01c50000, 0x03a80000)
 total_blobs=1019 nmethods=721 adapters=235 free_code_cache=30934Kb largest_free_block=31676608

Compilation events (10 events):
Event: 12.679 Thread 0x17ac6400  719             com.jme3.bounding.BoundingBox::whichSide (82 bytes)
Event: 12.679 Thread 0x17ac6400 nmethod 719 0x01c494c8 code [0x01c49600, 0x01c4979c]
Event: 12.690 Thread 0x17ac6400  720             java.nio.DirectFloatBufferU::order (19 bytes)
Event: 12.690 Thread 0x17ac6400 nmethod 720 0x01c498c8 code [0x01c499c0, 0x01c49a40]
Event: 12.728 Thread 0x17ac6400  721             com.jme3.light.LightList::get (27 bytes)
Event: 12.729 Thread 0x17ac6400 nmethod 721 0x01c49a88 code [0x01c49b90, 0x01c49cbc]
Event: 12.787 Thread 0x17ac6400  722             com.jme3.util.SafeArrayList::get (64 bytes)
Event: 12.787 Thread 0x17ac6400 nmethod 722 0x01c49dc8 code [0x01c49f20, 0x01c4a218]
Event: 12.787 Thread 0x17ac6400  723             com.jme3.math.Matrix4f::set (130 bytes)
Event: 12.787 Thread 0x17ac6400 nmethod 723 0x01c4a4c8 code [0x01c4a5c0, 0x01c4a6e0]

GC Heap History (10 events):
Event: 9.925 GC heap before
{Heap before GC invocations=79 (full 1):
 def new generation   total 6272K, used 5939K [0x03a80000, 0x04140000, 0x08fd0000)
  eden space 5632K, 100% used [0x03a80000, 0x04000000, 0x04000000)
  from space 640K,  48% used [0x040a0000, 0x040ece70, 0x04140000)
  to   space 640K,   0% used [0x04000000, 0x04000000, 0x040a0000)
 tenured generation   total 21896K, used 21784K [0x08fd0000, 0x0a532000, 0x13a80000)
   the space 21896K,  99% used [0x08fd0000, 0x0a516298, 0x0a516400, 0x0a532000)
 compacting perm gen  total 12288K, used 10598K [0x13a80000, 0x14680000, 0x17a80000)
   the space 12288K,  86% used [0x13a80000, 0x144d9948, 0x144d9a00, 0x14680000)
No shared spaces configured.
Event: 9.927 GC heap after
Heap after GC invocations=80 (full 1):
 def new generation   total 6272K, used 409K [0x03a80000, 0x04140000, 0x08fd0000)
  eden space 5632K,   0% used [0x03a80000, 0x03a80000, 0x04000000)
  from space 640K,  63% used [0x04000000, 0x040665c0, 0x040a0000)
  to   space 640K,   0% used [0x040a0000, 0x040a0000, 0x04140000)
 tenured generation   total 21896K, used 21784K [0x08fd0000, 0x0a532000, 0x13a80000)
   the space 21896K,  99% used [0x08fd0000, 0x0a516298, 0x0a516400, 0x0a532000)
 compacting perm gen  total 12288K, used 10598K [0x13a80000, 0x14680000, 0x17a80000)
   the space 12288K,  86% used [0x13a80000, 0x144d9948, 0x144d9a00, 0x14680000)
No shared spaces configured.
}
Event: 9.946 GC heap before
{Heap before GC invocations=80 (full 1):
 def new generation   total 6272K, used 6041K [0x03a80000, 0x04140000, 0x08fd0000)
  eden space 5632K, 100% used [0x03a80000, 0x04000000, 0x04000000)
  from space 640K,  63% used [0x04000000, 0x040665c0, 0x040a0000)
  to   space 640K,   0% used [0x040a0000, 0x040a0000, 0x04140000)
 tenured generation   total 21896K, used 21784K [0x08fd0000, 0x0a532000, 0x13a80000)
   the space 21896K,  99% used [0x08fd0000, 0x0a516298, 0x0a516400, 0x0a532000)
 compacting perm gen  total 12288K, used 10598K [0x13a80000, 0x14680000, 0x17a80000)
   the space 12288K,  86% used [0x13a80000, 0x144d9948, 0x144d9a00, 0x14680000)
No shared spaces configured.
Event: 10.000 GC heap after
Heap after GC invocations=81 (full 2):
 def new generation   total 9920K, used 0K [0x03a80000, 0x04540000, 0x08fd0000)
  eden space 8832K,   0% used [0x03a80000, 0x03a80000, 0x04320000)
  from space 1088K,   0% used [0x04320000, 0x04320000, 0x04430000)
  to   space 1088K,   0% used [0x04430000, 0x04430000, 0x04540000)
 tenured generation   total 21896K, used 7626K [0x08fd0000, 0x0a532000, 0x13a80000)
   the space 21896K,  34% used [0x08fd0000, 0x09742920, 0x09742a00, 0x0a532000)
 compacting perm gen  total 12288K, used 10598K [0x13a80000, 0x14680000, 0x17a80000)
   the space 12288K,  86% used [0x13a80000, 0x144d9948, 0x144d9a00, 0x14680000)
No shared spaces configured.
}
Event: 10.029 GC heap before
{Heap before GC invocations=81 (full 2):
 def new generation   total 9920K, used 8832K [0x03a80000, 0x04540000, 0x08fd0000)
  eden space 8832K, 100% used [0x03a80000, 0x04320000, 0x04320000)
  from space 1088K,   0% used [0x04320000, 0x04320000, 0x04430000)
  to   space 1088K,   0% used [0x04430000, 0x04430000, 0x04540000)
 tenured generation   total 21896K, used 7626K [0x08fd0000, 0x0a532000, 0x13a80000)
   the space 21896K,  34% used [0x08fd0000, 0x09742920, 0x09742a00, 0x0a532000)
 compacting perm gen  total 12288K, used 10598K [0x13a80000, 0x14680000, 0x17a80000)
   the space 12288K,  86% used [0x13a80000, 0x144d9948, 0x144d9a00, 0x14680000)
No shared spaces configured.
Event: 10.031 GC heap after
Heap after GC invocations=82 (full 2):
 def new generation   total 9920K, used 160K [0x03a80000, 0x04540000, 0x08fd0000)
  eden space 8832K,   0% used [0x03a80000, 0x03a80000, 0x04320000)
  from space 1088K,  14% used [0x04430000, 0x044581b0, 0x04540000)
  to   space 1088K,   0% used [0x04320000, 0x04320000, 0x04430000)
 tenured generation   total 21896K, used 7626K [0x08fd0000, 0x0a532000, 0x13a80000)
   the space 21896K,  34% used [0x08fd0000, 0x09742920, 0x09742a00, 0x0a532000)
 compacting perm gen  total 12288K, used 10598K [0x13a80000, 0x14680000, 0x17a80000)
   the space 12288K,  86% used [0x13a80000, 0x144d9948, 0x144d9a00, 0x14680000)
No shared spaces configured.
}
Event: 10.058 GC heap before
{Heap before GC invocations=82 (full 2):
 def new generation   total 9920K, used 8992K [0x03a80000, 0x04540000, 0x08fd0000)
  eden space 8832K, 100% used [0x03a80000, 0x04320000, 0x04320000)
  from space 1088K,  14% used [0x04430000, 0x044581b0, 0x04540000)
  to   space 1088K,   0% used [0x04320000, 0x04320000, 0x04430000)
 tenured generation   total 21896K, used 7626K [0x08fd0000, 0x0a532000, 0x13a80000)
   the space 21896K,  34% used [0x08fd0000, 0x09742920, 0x09742a00, 0x0a532000)
 compacting perm gen  total 12288K, used 10598K [0x13a80000, 0x14680000, 0x17a80000)
   the space 12288K,  86% used [0x13a80000, 0x144d9948, 0x144d9a00, 0x14680000)
No shared spaces configured.
Event: 10.060 GC heap after
Heap after GC invocations=83 (full 2):
 def new generation   total 9920K, used 443K [0x03a80000, 0x04540000, 0x08fd0000)
  eden space 8832K,   0% used [0x03a80000, 0x03a80000, 0x04320000)
  from space 1088K,  40% used [0x04320000, 0x0438ee48, 0x04430000)
  to   space 1088K,   0% used [0x04430000, 0x04430000, 0x04540000)
 tenured generation   total 21896K, used 7626K [0x08fd0000, 0x0a532000, 0x13a80000)
   the space 21896K,  34% used [0x08fd0000, 0x09742920, 0x09742a00, 0x0a532000)
 compacting perm gen  total 12288K, used 10598K [0x13a80000, 0x14680000, 0x17a80000)
   the space 12288K,  86% used [0x13a80000, 0x144d9948, 0x144d9a00, 0x14680000)
No shared spaces configured.
}
Event: 10.968 GC heap before
{Heap before GC invocations=83 (full 2):
 def new generation   total 9920K, used 9274K [0x03a80000, 0x04540000, 0x08fd0000)
  eden space 8832K,  99% used [0x03a80000, 0x0431fc58, 0x04320000)
  from space 1088K,  40% used [0x04320000, 0x0438ee48, 0x04430000)
  to   space 1088K,   0% used [0x04430000, 0x04430000, 0x04540000)
 tenured generation   total 21896K, used 7626K [0x08fd0000, 0x0a532000, 0x13a80000)
   the space 21896K,  34% used [0x08fd0000, 0x09742920, 0x09742a00, 0x0a532000)
 compacting perm gen  total 12288K, used 10778K [0x13a80000, 0x14680000, 0x17a80000)
   the space 12288K,  87% used [0x13a80000, 0x14506aa0, 0x14506c00, 0x14680000)
No shared spaces configured.
Event: 10.976 GC heap after
Heap after GC invocations=84 (full 2):
 def new generation   total 9920K, used 1088K [0x03a80000, 0x04540000, 0x08fd0000)
  eden space 8832K,   0% used [0x03a80000, 0x03a80000, 0x04320000)
  from space 1088K, 100% used [0x04430000, 0x04540000, 0x04540000)
  to   space 1088K,   0% used [0x04320000, 0x04320000, 0x04430000)
 tenured generation   total 21896K, used 8224K [0x08fd0000, 0x0a532000, 0x13a80000)
   the space 21896K,  37% used [0x08fd0000, 0x097d82a8, 0x097d8400, 0x0a532000)
 compacting perm gen  total 12288K, used 10778K [0x13a80000, 0x14680000, 0x17a80000)
   the space 12288K,  87% used [0x13a80000, 0x14506aa0, 0x14506c00, 0x14680000)
No shared spaces configured.
}

Deoptimization events (0 events):
No events

Internal exceptions (10 events):
Event: 10.272 Thread 0x18a63000 Threw 0x04244940 at C:\re\jdk7u51\527\hotspot\src\share\vm\prims\jvm.cpp:1244
Event: 10.275 Thread 0x18a63000 Threw 0x0424fdd0 at C:\re\jdk7u51\527\hotspot\src\share\vm\prims\jvm.cpp:1244
Event: 10.789 Thread 0x18a63000 Threw 0x042dda50 at C:\re\jdk7u51\527\hotspot\src\share\vm\prims\jvm.cpp:1244
Event: 11.098 Thread 0x18a63000 Threw 0x03a94388 at C:\re\jdk7u51\527\hotspot\src\share\vm\prims\jvm.cpp:1244
Event: 11.162 Thread 0x18a63000 Threw 0x03ae23c0 at C:\re\jdk7u51\527\hotspot\src\share\vm\prims\jvm.cpp:1244
Event: 11.164 Thread 0x18a63000 Threw 0x03ae6300 at C:\re\jdk7u51\527\hotspot\src\share\vm\prims\jvm.cpp:1244
Event: 11.782 Thread 0x18a63000 Threw 0x03af1e60 at C:\re\jdk7u51\527\hotspot\src\share\vm\prims\jvm.cpp:1244
Event: 11.783 Thread 0x18a63000 Threw 0x03afb488 at C:\re\jdk7u51\527\hotspot\src\share\vm\prims\jvm.cpp:1244
Event: 11.784 Thread 0x18a63000 Threw 0x03afde70 at C:\re\jdk7u51\527\hotspot\src\share\vm\prims\jvm.cpp:1244
Event: 11.784 Thread 0x18a63000 Threw 0x03affd80 at C:\re\jdk7u51\527\hotspot\src\share\vm\prims\jvm.cpp:1244

Events (10 events):
Event: 11.166 Executing VM operation: RevokeBias
Event: 11.166 Executing VM operation: RevokeBias done
Event: 11.782 loading class 0x18a64548
Event: 11.782 loading class 0x18a64548 done
Event: 11.783 loading class 0x18ac9ff0
Event: 11.783 loading class 0x18ac9ff0 done
Event: 11.784 loading class 0x18aca258
Event: 11.784 loading class 0x18aca258 done
Event: 11.784 loading class 0x18ac9f10
Event: 11.784 loading class 0x18ac9f10 done


Dynamic libraries:
0x00a50000 - 0x00a7f000 	C:\Program Files\jmonkeyplatform\jdk\bin\java.exe
0x77370000 - 0x774ac000 	C:\Windows\SYSTEM32\ntdll.dll
0x75d70000 - 0x75e44000 	C:\Windows\system32\kernel32.dll
0x757b0000 - 0x757fb000 	C:\Windows\system32\KERNELBASE.dll
0x75b10000 - 0x75bb0000 	C:\Windows\system32\ADVAPI32.dll
0x76fa0000 - 0x7704c000 	C:\Windows\system32\msvcrt.dll
0x774d0000 - 0x774e9000 	C:\Windows\SYSTEM32\sechost.dll
0x77050000 - 0x770f1000 	C:\Windows\system32\RPCRT4.dll
0x75fe0000 - 0x760a9000 	C:\Windows\system32\USER32.dll
0x76f10000 - 0x76f5e000 	C:\Windows\system32\GDI32.dll
0x75e50000 - 0x75e5a000 	C:\Windows\system32\LPK.dll
0x75bb0000 - 0x75c4d000 	C:\Windows\system32\USP10.dll
0x73720000 - 0x738be000 	C:\Windows\WinSxS\x86_microsoft.windows.common-controls_6595b64144ccf1df_6.0.7601.17514_none_41e6975e2bd6f2b2\COMCTL32.dll
0x75e60000 - 0x75eb7000 	C:\Windows\system32\SHLWAPI.dll
0x77190000 - 0x771af000 	C:\Windows\system32\IMM32.DLL
0x77240000 - 0x7730c000 	C:\Windows\system32\MSCTF.dll
0x740c0000 - 0x7417f000 	C:\Program Files\jmonkeyplatform\jdk\jre\bin\msvcr100.dll
0x5c680000 - 0x5ca00000 	C:\Program Files\jmonkeyplatform\jdk\jre\bin\client\jvm.dll
0x715e0000 - 0x715e7000 	C:\Windows\system32\WSOCK32.dll
0x76f60000 - 0x76f95000 	C:\Windows\system32\WS2_32.dll
0x774c0000 - 0x774c6000 	C:\Windows\system32\NSI.dll
0x721c0000 - 0x721f2000 	C:\Windows\system32\WINMM.dll
0x774b0000 - 0x774b5000 	C:\Windows\system32\PSAPI.DLL
0x6a2e0000 - 0x6a2ec000 	C:\Program Files\jmonkeyplatform\jdk\jre\bin\verify.dll
0x5dfe0000 - 0x5e000000 	C:\Program Files\jmonkeyplatform\jdk\jre\bin\java.dll
0x5f7d0000 - 0x5f7e3000 	C:\Program Files\jmonkeyplatform\jdk\jre\bin\zip.dll
0x625e0000 - 0x62723000 	C:\Program Files\jmonkeyplatform\jdk\jre\bin\awt.dll
0x771b0000 - 0x7723f000 	C:\Windows\system32\OLEAUT32.dll
0x75800000 - 0x7595c000 	C:\Windows\system32\ole32.dll
0x72990000 - 0x729d0000 	C:\Windows\system32\uxtheme.dll
0x725f0000 - 0x72603000 	C:\Windows\system32\dwmapi.dll
0x75480000 - 0x7548c000 	C:\Windows\system32\CRYPTBASE.dll
0x762c0000 - 0x76f0a000 	C:\Windows\system32\SHELL32.dll
0x56710000 - 0x56749000 	C:\Program Files\jmonkeyplatform\jdk\jre\bin\fontmanager.dll
0x5dfa0000 - 0x5dfb4000 	C:\Program Files\jmonkeyplatform\jdk\jre\bin\net.dll
0x74f70000 - 0x74fac000 	C:\Windows\system32\mswsock.dll
0x74f60000 - 0x74f66000 	C:\Windows\System32\wship6.dll
0x6a2f0000 - 0x6a2ff000 	C:\Program Files\jmonkeyplatform\jdk\jre\bin\nio.dll
0x566e0000 - 0x56710000 	C:\Program Files\jmonkeyplatform\jdk\jre\bin\t2k.dll
0x17f50000 - 0x17f9c000 	D:\JMonkey Files\project202\Sprint1_Experiments_team17\lwjgl.dll
0x558b0000 - 0x55978000 	C:\Windows\system32\OPENGL32.dll
0x55f40000 - 0x55f62000 	C:\Windows\system32\GLU32.dll
0x5dc80000 - 0x5dd67000 	C:\Windows\system32\DDRAW.dll
0x5db20000 - 0x5db26000 	C:\Windows\system32\DCIMAN32.dll
0x75970000 - 0x75b0d000 	C:\Windows\system32\SETUPAPI.dll
0x75630000 - 0x75657000 	C:\Windows\system32\CFGMGR32.dll
0x75610000 - 0x75622000 	C:\Windows\system32\DEVOBJ.dll
0x74910000 - 0x74919000 	C:\Windows\system32\VERSION.dll
0x1a6c0000 - 0x1b162000 	C:\Windows\system32\ig4icd32.dll
0x704f0000 - 0x70569000 	C:\Windows\system32\mscms.dll
0x74b60000 - 0x74b77000 	C:\Windows\system32\USERENV.dll
0x75500000 - 0x7550b000 	C:\Windows\system32\profapi.dll
0x74340000 - 0x74378000 	C:\Windows\system32\icm32.dll
0x183b0000 - 0x18415000 	D:\JMonkey Files\project202\Sprint1_Experiments_team17\OpenAL32.dll
0x77100000 - 0x77183000 	C:\Windows\system32\CLBCatQ.DLL
0x74640000 - 0x74679000 	C:\Windows\System32\MMDevApi.dll
0x74540000 - 0x74635000 	C:\Windows\System32\PROPSYS.dll
0x62960000 - 0x629d2000 	C:\Windows\system32\dsound.dll
0x74680000 - 0x746a5000 	C:\Windows\system32\POWRPROF.dll
0x71990000 - 0x719c6000 	C:\Windows\system32\AUDIOSES.DLL
0x74410000 - 0x74435000 	C:\Program Files\jmonkeyplatform\jdk\jre\bin\jpeg.dll
0x6ccb0000 - 0x6cd9b000 	C:\Windows\system32\dbghelp.dll

VM Arguments:
jvm_args: -Dfile.encoding=UTF-8 
java_command: mygame.Main
Launcher Type: SUN_STANDARD

Environment Variables:
PATH=C:\Windows\system32;C:\Windows;C:\Windows\System32\Wbem;C:\Windows\System32\WindowsPowerShell\v1.0\;c:\Program Files\Microsoft SQL Server\100\Tools\Binn\;c:\Program Files\Microsoft SQL Server\100\DTS\Binn\;C:\Program Files\Microsoft SQL Server\80\Tools\Binn\;C:\Program Files\Microsoft SQL Server\90\DTS\Binn\;C:\Program Files\Microsoft SQL Server\90\Tools\binn\;C:\Program Files\Microsoft SQL Server\90\Tools\Binn\VSShell\Common7\IDE\;C:\Program Files\Microsoft Visual Studio 8\Common7\IDE\PrivateAssemblies\;C:\Program Files\Java\jdk1.6.0_16\bin;D:\softwares1\curl-7.39.0
USERNAME=user
OS=Windows_NT
PROCESSOR_IDENTIFIER=x86 Family 6 Model 37 Stepping 2, GenuineIntel



---------------  S Y S T E M  ---------------

OS: Windows 7 Build 7601 Service Pack 1

CPU:total 4 (2 cores per cpu, 2 threads per core) family 6 model 37 stepping 2, cmov, cx8, fxsr, mmx, sse, sse2, sse3, ssse3, sse4.1, sse4.2, popcnt, ht, tsc, tscinvbit

Memory: 4k page, physical 3005288k(984236k free), swap 6008824k(2290308k free)

vm_info: Java HotSpot(TM) Client VM (24.51-b03) for windows-x86 JRE (1.7.0_51-b13), built on Dec 18 2013 19:09:58 by "java_re" with unknown MS VC++:1600

time: Sun Nov 30 11:34:07 2014
elapsed time: 12 seconds

